{"contracts\\MockUSDC.sol":{"l":{"19":1,"28":2},"path":"C:\\Users\\kiet\\Desktop\\AcFinalProject\\contracts\\MockUSDC.sol","s":{"1":1,"2":2},"b":{},"f":{"1":1,"2":1,"3":2},"fnMap":{"1":{"name":"constructor","line":13,"loc":{"start":{"line":13,"column":4},"end":{"line":13,"column":46}}},"2":{"name":"decimals","line":18,"loc":{"start":{"line":18,"column":4},"end":{"line":20,"column":4}}},"3":{"name":"mint","line":27,"loc":{"start":{"line":27,"column":4},"end":{"line":29,"column":4}}}},"statementMap":{"1":{"start":{"line":19,"column":8},"end":{"line":19,"column":16}},"2":{"start":{"line":28,"column":8},"end":{"line":28,"column":24}}},"branchMap":{}},"contracts\\SavingCore.sol":{"l":{"202":1,"203":1,"227":5,"228":4,"229":3,"230":1,"233":2,"235":2,"244":2,"253":2,"254":2,"256":2,"257":2,"262":1,"263":1,"264":1,"269":1,"270":1,"271":1,"280":1,"285":1,"318":11,"319":11,"320":11,"323":11,"324":10,"325":1,"327":9,"328":1,"332":8,"335":8,"336":8,"339":8,"341":8,"352":8,"375":4,"377":3,"378":3,"379":3,"381":2,"384":2,"385":2,"389":2,"392":2,"393":2,"394":2,"397":2,"398":1,"402":2,"415":2,"417":2,"418":2,"419":2,"421":1,"424":1,"425":1,"428":1,"429":1,"430":1,"434":1,"435":1,"438":1,"457":1,"459":1,"460":1,"461":1,"464":1,"465":1,"466":1,"469":1,"470":1,"474":1,"477":1,"478":0,"480":1,"481":0,"485":1,"488":1,"489":1,"493":1,"494":1,"496":1,"498":1,"509":1,"531":3,"532":3,"533":3,"534":1,"537":2,"540":2,"543":2,"544":2,"547":2,"550":2,"551":1,"555":1,"558":1,"559":1,"563":1,"564":1,"566":1,"569":1,"580":1,"593":5,"594":5,"595":5,"604":1,"612":0},"path":"C:\\Users\\kiet\\Desktop\\AcFinalProject\\contracts\\SavingCore.sol","s":{"1":5,"2":4,"3":3,"4":2,"5":2,"6":2,"7":2,"8":1,"9":1,"10":1,"11":1,"12":1,"13":1,"14":11,"15":11,"16":11,"17":11,"18":10,"19":9,"20":8,"21":8,"22":8,"23":8,"24":4,"25":3,"26":3,"27":3,"28":2,"29":2,"30":2,"31":2,"32":2,"33":2,"34":1,"35":2,"36":2,"37":2,"38":2,"39":2,"40":1,"41":1,"42":1,"43":1,"44":1,"45":1,"46":1,"47":1,"48":1,"49":1,"50":1,"51":1,"52":1,"53":1,"54":1,"55":1,"56":1,"57":1,"58":1,"59":1,"60":1,"61":1,"62":1,"63":1,"64":1,"65":3,"66":3,"67":3,"68":2,"69":2,"70":2,"71":2,"72":2,"73":2,"74":1,"75":1,"76":1,"77":1,"78":1,"79":5,"80":5,"81":5,"82":1,"83":0},"b":{"1":[5,0],"2":[1,4],"3":[1,3],"4":[1,2],"5":[2,0],"6":[0,2],"7":[0,2],"8":[1,0],"9":[0,1],"10":[1,0],"11":[0,1],"12":[1,0],"13":[1,0],"14":[11,0],"15":[0,11],"16":[0,11],"17":[1,10],"18":[1,9],"19":[1,8],"20":[4,0],"21":[1,3],"22":[0,3],"23":[1,2],"24":[2,0],"25":[1,1],"26":[2,0],"27":[0,2],"28":[0,2],"29":[1,1],"30":[1,0],"31":[1,0],"32":[1,0],"33":[0,1],"34":[0,1],"35":[0,1],"36":[0,1],"37":[0,1],"38":[0,1],"39":[0,1],"40":[1,0],"41":[3,0],"42":[0,3],"43":[1,2],"44":[1,1],"45":[1,0]},"f":{"1":1,"2":5,"3":2,"4":1,"5":1,"6":1,"7":1,"8":11,"9":4,"10":2,"11":1,"12":3,"13":5,"14":1,"15":0},"fnMap":{"1":{"name":"constructor","line":201,"loc":{"start":{"line":198,"column":4},"end":{"line":204,"column":4}}},"2":{"name":"createPlan","line":225,"loc":{"start":{"line":219,"column":4},"end":{"line":245,"column":4}}},"3":{"name":"updatePlan","line":252,"loc":{"start":{"line":252,"column":4},"end":{"line":258,"column":4}}},"4":{"name":"enablePlan","line":261,"loc":{"start":{"line":261,"column":4},"end":{"line":265,"column":4}}},"5":{"name":"disablePlan","line":268,"loc":{"start":{"line":268,"column":4},"end":{"line":272,"column":4}}},"6":{"name":"pause","line":279,"loc":{"start":{"line":279,"column":4},"end":{"line":281,"column":4}}},"7":{"name":"unpause","line":284,"loc":{"start":{"line":284,"column":4},"end":{"line":286,"column":4}}},"8":{"name":"openDeposit","line":316,"loc":{"start":{"line":313,"column":4},"end":{"line":360,"column":4}}},"9":{"name":"withdrawAtMaturity","line":374,"loc":{"start":{"line":374,"column":4},"end":{"line":403,"column":4}}},"10":{"name":"earlyWithdraw","line":414,"loc":{"start":{"line":414,"column":4},"end":{"line":439,"column":4}}},"11":{"name":"renewDeposit","line":456,"loc":{"start":{"line":453,"column":4},"end":{"line":510,"column":4}}},"12":{"name":"autoRenewDeposit","line":530,"loc":{"start":{"line":528,"column":4},"end":{"line":581,"column":4}}},"13":{"name":"calculateInterest","line":592,"loc":{"start":{"line":592,"column":4},"end":{"line":597,"column":4}}},"14":{"name":"getDeposit","line":603,"loc":{"start":{"line":603,"column":4},"end":{"line":605,"column":4}}},"15":{"name":"getPlan","line":611,"loc":{"start":{"line":611,"column":4},"end":{"line":613,"column":4}}}},"statementMap":{"1":{"start":{"line":227,"column":8},"end":{"line":227,"column":49}},"2":{"start":{"line":228,"column":8},"end":{"line":228,"column":44}},"3":{"start":{"line":229,"column":8},"end":{"line":229,"column":8534}},"4":{"start":{"line":244,"column":8},"end":{"line":244,"column":51}},"5":{"start":{"line":253,"column":8},"end":{"line":253,"column":69}},"6":{"start":{"line":254,"column":8},"end":{"line":254,"column":47}},"7":{"start":{"line":257,"column":8},"end":{"line":257,"column":43}},"8":{"start":{"line":262,"column":8},"end":{"line":262,"column":69}},"9":{"start":{"line":264,"column":8},"end":{"line":264,"column":38}},"10":{"start":{"line":269,"column":8},"end":{"line":269,"column":69}},"11":{"start":{"line":271,"column":8},"end":{"line":271,"column":39}},"12":{"start":{"line":280,"column":8},"end":{"line":280,"column":15}},"13":{"start":{"line":285,"column":8},"end":{"line":285,"column":17}},"14":{"start":{"line":318,"column":8},"end":{"line":318,"column":47}},"15":{"start":{"line":319,"column":8},"end":{"line":319,"column":60}},"16":{"start":{"line":320,"column":8},"end":{"line":320,"column":54}},"17":{"start":{"line":323,"column":8},"end":{"line":323,"column":44}},"18":{"start":{"line":324,"column":8},"end":{"line":324,"column":12085}},"19":{"start":{"line":327,"column":8},"end":{"line":327,"column":12222}},"20":{"start":{"line":332,"column":8},"end":{"line":332,"column":64}},"21":{"start":{"line":336,"column":8},"end":{"line":336,"column":35}},"22":{"start":{"line":339,"column":8},"end":{"line":339,"column":70}},"23":{"start":{"line":352,"column":8},"end":{"line":352,"column":13210}},"24":{"start":{"line":375,"column":8},"end":{"line":375,"column":79}},"25":{"start":{"line":377,"column":8},"end":{"line":377,"column":49}},"26":{"start":{"line":378,"column":8},"end":{"line":378,"column":82}},"27":{"start":{"line":379,"column":8},"end":{"line":379,"column":80}},"28":{"start":{"line":384,"column":8},"end":{"line":384,"column":53}},"29":{"start":{"line":385,"column":8},"end":{"line":385,"column":14549}},"30":{"start":{"line":389,"column":8},"end":{"line":389,"column":52}},"31":{"start":{"line":392,"column":8},"end":{"line":392,"column":30}},"32":{"start":{"line":393,"column":8},"end":{"line":393,"column":14895}},"33":{"start":{"line":397,"column":12},"end":{"line":397,"column":15094}},"34":{"start":{"line":398,"column":16},"end":{"line":398,"column":73}},"35":{"start":{"line":402,"column":8},"end":{"line":402,"column":79}},"36":{"start":{"line":415,"column":8},"end":{"line":415,"column":79}},"37":{"start":{"line":417,"column":8},"end":{"line":417,"column":49}},"38":{"start":{"line":418,"column":8},"end":{"line":418,"column":82}},"39":{"start":{"line":419,"column":8},"end":{"line":419,"column":85}},"40":{"start":{"line":424,"column":8},"end":{"line":424,"column":82}},"41":{"start":{"line":425,"column":8},"end":{"line":425,"column":54}},"42":{"start":{"line":428,"column":8},"end":{"line":428,"column":16377}},"43":{"start":{"line":429,"column":12},"end":{"line":429,"column":57}},"44":{"start":{"line":430,"column":12},"end":{"line":430,"column":48}},"45":{"start":{"line":434,"column":8},"end":{"line":434,"column":16585}},"46":{"start":{"line":435,"column":12},"end":{"line":435,"column":55}},"47":{"start":{"line":438,"column":8},"end":{"line":438,"column":69}},"48":{"start":{"line":457,"column":8},"end":{"line":457,"column":79}},"49":{"start":{"line":459,"column":8},"end":{"line":459,"column":49}},"50":{"start":{"line":460,"column":8},"end":{"line":460,"column":82}},"51":{"start":{"line":461,"column":8},"end":{"line":461,"column":80}},"52":{"start":{"line":464,"column":8},"end":{"line":464,"column":53}},"53":{"start":{"line":465,"column":8},"end":{"line":465,"column":66}},"54":{"start":{"line":466,"column":8},"end":{"line":466,"column":60}},"55":{"start":{"line":469,"column":8},"end":{"line":469,"column":53}},"56":{"start":{"line":470,"column":8},"end":{"line":470,"column":18172}},"57":{"start":{"line":474,"column":8},"end":{"line":474,"column":55}},"58":{"start":{"line":477,"column":8},"end":{"line":477,"column":18441}},"59":{"start":{"line":480,"column":8},"end":{"line":480,"column":18599}},"60":{"start":{"line":488,"column":8},"end":{"line":488,"column":18941}},"61":{"start":{"line":489,"column":12},"end":{"line":489,"column":64}},"62":{"start":{"line":494,"column":8},"end":{"line":494,"column":38}},"63":{"start":{"line":496,"column":8},"end":{"line":496,"column":76}},"64":{"start":{"line":509,"column":8},"end":{"line":509,"column":70}},"65":{"start":{"line":531,"column":8},"end":{"line":531,"column":49}},"66":{"start":{"line":532,"column":8},"end":{"line":532,"column":82}},"67":{"start":{"line":533,"column":8},"end":{"line":533,"column":20795}},"68":{"start":{"line":537,"column":8},"end":{"line":537,"column":49}},"69":{"start":{"line":540,"column":8},"end":{"line":540,"column":51}},"70":{"start":{"line":543,"column":8},"end":{"line":543,"column":53}},"71":{"start":{"line":544,"column":8},"end":{"line":544,"column":21293}},"72":{"start":{"line":547,"column":8},"end":{"line":547,"column":55}},"73":{"start":{"line":550,"column":8},"end":{"line":550,"column":21519}},"74":{"start":{"line":558,"column":8},"end":{"line":558,"column":21831}},"75":{"start":{"line":559,"column":12},"end":{"line":559,"column":64}},"76":{"start":{"line":564,"column":8},"end":{"line":564,"column":40}},"77":{"start":{"line":566,"column":8},"end":{"line":566,"column":72}},"78":{"start":{"line":580,"column":8},"end":{"line":580,"column":71}},"79":{"start":{"line":593,"column":8},"end":{"line":593,"column":49}},"80":{"start":{"line":594,"column":8},"end":{"line":594,"column":53}},"81":{"start":{"line":595,"column":8},"end":{"line":595,"column":23398}},"82":{"start":{"line":604,"column":8},"end":{"line":604,"column":34}},"83":{"start":{"line":612,"column":8},"end":{"line":612,"column":28}}},"branchMap":{"1":{"line":225,"type":"if","locations":[{"start":{"line":225,"column":15},"end":{"line":225,"column":15}},{"start":{"line":225,"column":15},"end":{"line":225,"column":15}}]},"2":{"line":227,"type":"if","locations":[{"start":{"line":227,"column":8},"end":{"line":227,"column":8}},{"start":{"line":227,"column":8},"end":{"line":227,"column":8}}]},"3":{"line":228,"type":"if","locations":[{"start":{"line":228,"column":8},"end":{"line":228,"column":8}},{"start":{"line":228,"column":8},"end":{"line":228,"column":8}}]},"4":{"line":229,"type":"if","locations":[{"start":{"line":229,"column":8},"end":{"line":229,"column":8}},{"start":{"line":229,"column":8},"end":{"line":229,"column":8}}]},"5":{"line":252,"type":"if","locations":[{"start":{"line":252,"column":68},"end":{"line":252,"column":68}},{"start":{"line":252,"column":68},"end":{"line":252,"column":68}}]},"6":{"line":253,"type":"if","locations":[{"start":{"line":253,"column":8},"end":{"line":253,"column":8}},{"start":{"line":253,"column":8},"end":{"line":253,"column":8}}]},"7":{"line":254,"type":"if","locations":[{"start":{"line":254,"column":8},"end":{"line":254,"column":8}},{"start":{"line":254,"column":8},"end":{"line":254,"column":8}}]},"8":{"line":261,"type":"if","locations":[{"start":{"line":261,"column":49},"end":{"line":261,"column":49}},{"start":{"line":261,"column":49},"end":{"line":261,"column":49}}]},"9":{"line":262,"type":"if","locations":[{"start":{"line":262,"column":8},"end":{"line":262,"column":8}},{"start":{"line":262,"column":8},"end":{"line":262,"column":8}}]},"10":{"line":268,"type":"if","locations":[{"start":{"line":268,"column":50},"end":{"line":268,"column":50}},{"start":{"line":268,"column":50},"end":{"line":268,"column":50}}]},"11":{"line":269,"type":"if","locations":[{"start":{"line":269,"column":8},"end":{"line":269,"column":8}},{"start":{"line":269,"column":8},"end":{"line":269,"column":8}}]},"12":{"line":279,"type":"if","locations":[{"start":{"line":279,"column":30},"end":{"line":279,"column":30}},{"start":{"line":279,"column":30},"end":{"line":279,"column":30}}]},"13":{"line":284,"type":"if","locations":[{"start":{"line":284,"column":32},"end":{"line":284,"column":32}},{"start":{"line":284,"column":32},"end":{"line":284,"column":32}}]},"14":{"line":316,"type":"if","locations":[{"start":{"line":316,"column":15},"end":{"line":316,"column":15}},{"start":{"line":316,"column":15},"end":{"line":316,"column":15}}]},"15":{"line":319,"type":"if","locations":[{"start":{"line":319,"column":8},"end":{"line":319,"column":8}},{"start":{"line":319,"column":8},"end":{"line":319,"column":8}}]},"16":{"line":320,"type":"if","locations":[{"start":{"line":320,"column":8},"end":{"line":320,"column":8}},{"start":{"line":320,"column":8},"end":{"line":320,"column":8}}]},"17":{"line":323,"type":"if","locations":[{"start":{"line":323,"column":8},"end":{"line":323,"column":8}},{"start":{"line":323,"column":8},"end":{"line":323,"column":8}}]},"18":{"line":324,"type":"if","locations":[{"start":{"line":324,"column":8},"end":{"line":324,"column":8}},{"start":{"line":324,"column":8},"end":{"line":324,"column":8}}]},"19":{"line":327,"type":"if","locations":[{"start":{"line":327,"column":8},"end":{"line":327,"column":8}},{"start":{"line":327,"column":8},"end":{"line":327,"column":8}}]},"20":{"line":374,"type":"if","locations":[{"start":{"line":374,"column":60},"end":{"line":374,"column":60}},{"start":{"line":374,"column":60},"end":{"line":374,"column":60}}]},"21":{"line":375,"type":"if","locations":[{"start":{"line":375,"column":8},"end":{"line":375,"column":8}},{"start":{"line":375,"column":8},"end":{"line":375,"column":8}}]},"22":{"line":378,"type":"if","locations":[{"start":{"line":378,"column":8},"end":{"line":378,"column":8}},{"start":{"line":378,"column":8},"end":{"line":378,"column":8}}]},"23":{"line":379,"type":"if","locations":[{"start":{"line":379,"column":8},"end":{"line":379,"column":8}},{"start":{"line":379,"column":8},"end":{"line":379,"column":8}}]},"24":{"line":393,"type":"if","locations":[{"start":{"line":393,"column":8},"end":{"line":393,"column":8}},{"start":{"line":393,"column":8},"end":{"line":393,"column":8}}]},"25":{"line":397,"type":"if","locations":[{"start":{"line":397,"column":12},"end":{"line":397,"column":12}},{"start":{"line":397,"column":12},"end":{"line":397,"column":12}}]},"26":{"line":414,"type":"if","locations":[{"start":{"line":414,"column":55},"end":{"line":414,"column":55}},{"start":{"line":414,"column":55},"end":{"line":414,"column":55}}]},"27":{"line":415,"type":"if","locations":[{"start":{"line":415,"column":8},"end":{"line":415,"column":8}},{"start":{"line":415,"column":8},"end":{"line":415,"column":8}}]},"28":{"line":418,"type":"if","locations":[{"start":{"line":418,"column":8},"end":{"line":418,"column":8}},{"start":{"line":418,"column":8},"end":{"line":418,"column":8}}]},"29":{"line":419,"type":"if","locations":[{"start":{"line":419,"column":8},"end":{"line":419,"column":8}},{"start":{"line":419,"column":8},"end":{"line":419,"column":8}}]},"30":{"line":428,"type":"if","locations":[{"start":{"line":428,"column":8},"end":{"line":428,"column":8}},{"start":{"line":428,"column":8},"end":{"line":428,"column":8}}]},"31":{"line":434,"type":"if","locations":[{"start":{"line":434,"column":8},"end":{"line":434,"column":8}},{"start":{"line":434,"column":8},"end":{"line":434,"column":8}}]},"32":{"line":456,"type":"if","locations":[{"start":{"line":456,"column":15},"end":{"line":456,"column":15}},{"start":{"line":456,"column":15},"end":{"line":456,"column":15}}]},"33":{"line":457,"type":"if","locations":[{"start":{"line":457,"column":8},"end":{"line":457,"column":8}},{"start":{"line":457,"column":8},"end":{"line":457,"column":8}}]},"34":{"line":460,"type":"if","locations":[{"start":{"line":460,"column":8},"end":{"line":460,"column":8}},{"start":{"line":460,"column":8},"end":{"line":460,"column":8}}]},"35":{"line":461,"type":"if","locations":[{"start":{"line":461,"column":8},"end":{"line":461,"column":8}},{"start":{"line":461,"column":8},"end":{"line":461,"column":8}}]},"36":{"line":465,"type":"if","locations":[{"start":{"line":465,"column":8},"end":{"line":465,"column":8}},{"start":{"line":465,"column":8},"end":{"line":465,"column":8}}]},"37":{"line":466,"type":"if","locations":[{"start":{"line":466,"column":8},"end":{"line":466,"column":8}},{"start":{"line":466,"column":8},"end":{"line":466,"column":8}}]},"38":{"line":477,"type":"if","locations":[{"start":{"line":477,"column":8},"end":{"line":477,"column":8}},{"start":{"line":477,"column":8},"end":{"line":477,"column":8}}]},"39":{"line":480,"type":"if","locations":[{"start":{"line":480,"column":8},"end":{"line":480,"column":8}},{"start":{"line":480,"column":8},"end":{"line":480,"column":8}}]},"40":{"line":488,"type":"if","locations":[{"start":{"line":488,"column":8},"end":{"line":488,"column":8}},{"start":{"line":488,"column":8},"end":{"line":488,"column":8}}]},"41":{"line":530,"type":"if","locations":[{"start":{"line":530,"column":15},"end":{"line":530,"column":15}},{"start":{"line":530,"column":15},"end":{"line":530,"column":15}}]},"42":{"line":532,"type":"if","locations":[{"start":{"line":532,"column":8},"end":{"line":532,"column":8}},{"start":{"line":532,"column":8},"end":{"line":532,"column":8}}]},"43":{"line":533,"type":"if","locations":[{"start":{"line":533,"column":8},"end":{"line":533,"column":8}},{"start":{"line":533,"column":8},"end":{"line":533,"column":8}}]},"44":{"line":550,"type":"if","locations":[{"start":{"line":550,"column":8},"end":{"line":550,"column":8}},{"start":{"line":550,"column":8},"end":{"line":550,"column":8}}]},"45":{"line":558,"type":"if","locations":[{"start":{"line":558,"column":8},"end":{"line":558,"column":8}},{"start":{"line":558,"column":8},"end":{"line":558,"column":8}}]}}},"contracts\\VaultManager.sol":{"l":{"60":4,"61":4,"76":3,"77":2,"79":1,"80":1,"92":1,"93":1,"94":1,"103":2,"104":2,"105":2,"106":1,"108":1,"109":1,"121":1,"122":1,"123":1,"124":1,"132":2,"133":2,"134":1,"135":1,"144":1,"149":1,"169":4,"170":4,"172":4,"175":4,"177":4,"178":4,"181":4,"190":4},"path":"C:\\Users\\kiet\\Desktop\\AcFinalProject\\contracts\\VaultManager.sol","s":{"1":4,"2":3,"3":2,"4":1,"5":1,"6":1,"7":2,"8":2,"9":2,"10":1,"11":1,"12":1,"13":1,"14":1,"15":2,"16":2,"17":1,"18":1,"19":1,"20":4,"21":4,"22":0,"23":4,"24":4,"25":4,"26":4,"27":4},"b":{"1":[0,4],"2":[1,2],"3":[1,1],"4":[1,0],"5":[0,1],"6":[2,0],"7":[0,2],"8":[1,1],"9":[1,0],"10":[0,1],"11":[2,0],"12":[0,2],"13":[1,1],"14":[1,0],"15":[1,0],"16":[4,0],"17":[4,0],"18":[0,4],"19":[0,4],"20":[1,3],"21":[4,0]},"f":{"1":4,"2":3,"3":1,"4":2,"5":1,"6":2,"7":1,"8":1,"9":4,"10":4},"fnMap":{"1":{"name":"onlySavingCore","line":59,"loc":{"start":{"line":59,"column":4},"end":{"line":62,"column":4}}},"2":{"name":"constructor","line":75,"loc":{"start":{"line":72,"column":4},"end":{"line":81,"column":4}}},"3":{"name":"fundVault","line":91,"loc":{"start":{"line":91,"column":4},"end":{"line":95,"column":4}}},"4":{"name":"withdrawVault","line":102,"loc":{"start":{"line":102,"column":4},"end":{"line":110,"column":4}}},"5":{"name":"setFeeReceiver","line":120,"loc":{"start":{"line":120,"column":4},"end":{"line":125,"column":4}}},"6":{"name":"setSavingCore","line":131,"loc":{"start":{"line":131,"column":4},"end":{"line":136,"column":4}}},"7":{"name":"pause","line":143,"loc":{"start":{"line":143,"column":4},"end":{"line":145,"column":4}}},"8":{"name":"unpause","line":148,"loc":{"start":{"line":148,"column":4},"end":{"line":150,"column":4}}},"9":{"name":"requestInterest","line":168,"loc":{"start":{"line":165,"column":4},"end":{"line":182,"column":4}}},"10":{"name":"vaultBalance","line":189,"loc":{"start":{"line":189,"column":4},"end":{"line":191,"column":4}}}},"statementMap":{"1":{"start":{"line":60,"column":8},"end":{"line":60,"column":61}},"2":{"start":{"line":76,"column":8},"end":{"line":76,"column":54}},"3":{"start":{"line":77,"column":8},"end":{"line":77,"column":60}},"4":{"start":{"line":92,"column":8},"end":{"line":92,"column":44}},"5":{"start":{"line":93,"column":8},"end":{"line":93,"column":64}},"6":{"start":{"line":94,"column":8},"end":{"line":94,"column":44}},"7":{"start":{"line":103,"column":8},"end":{"line":103,"column":44}},"8":{"start":{"line":104,"column":8},"end":{"line":104,"column":56}},"9":{"start":{"line":105,"column":8},"end":{"line":105,"column":3882}},"10":{"start":{"line":108,"column":8},"end":{"line":108,"column":45}},"11":{"start":{"line":109,"column":8},"end":{"line":109,"column":47}},"12":{"start":{"line":121,"column":8},"end":{"line":121,"column":60}},"13":{"start":{"line":122,"column":8},"end":{"line":122,"column":33}},"14":{"start":{"line":124,"column":8},"end":{"line":124,"column":50}},"15":{"start":{"line":132,"column":8},"end":{"line":132,"column":59}},"16":{"start":{"line":133,"column":8},"end":{"line":133,"column":67}},"17":{"start":{"line":135,"column":8},"end":{"line":135,"column":43}},"18":{"start":{"line":144,"column":8},"end":{"line":144,"column":15}},"19":{"start":{"line":149,"column":8},"end":{"line":149,"column":17}},"20":{"start":{"line":169,"column":8},"end":{"line":169,"column":50}},"21":{"start":{"line":170,"column":8},"end":{"line":170,"column":33}},"22":{"start":{"line":170,"column":25},"end":{"line":170,"column":33}},"23":{"start":{"line":172,"column":8},"end":{"line":172,"column":56}},"24":{"start":{"line":177,"column":8},"end":{"line":177,"column":6586}},"25":{"start":{"line":178,"column":12},"end":{"line":178,"column":45}},"26":{"start":{"line":181,"column":8},"end":{"line":181,"column":41}},"27":{"start":{"line":190,"column":8},"end":{"line":190,"column":45}}},"branchMap":{"1":{"line":60,"type":"if","locations":[{"start":{"line":60,"column":8},"end":{"line":60,"column":8}},{"start":{"line":60,"column":8},"end":{"line":60,"column":8}}]},"2":{"line":76,"type":"if","locations":[{"start":{"line":76,"column":8},"end":{"line":76,"column":8}},{"start":{"line":76,"column":8},"end":{"line":76,"column":8}}]},"3":{"line":77,"type":"if","locations":[{"start":{"line":77,"column":8},"end":{"line":77,"column":8}},{"start":{"line":77,"column":8},"end":{"line":77,"column":8}}]},"4":{"line":91,"type":"if","locations":[{"start":{"line":91,"column":48},"end":{"line":91,"column":48}},{"start":{"line":91,"column":48},"end":{"line":91,"column":48}}]},"5":{"line":92,"type":"if","locations":[{"start":{"line":92,"column":8},"end":{"line":92,"column":8}},{"start":{"line":92,"column":8},"end":{"line":92,"column":8}}]},"6":{"line":102,"type":"if","locations":[{"start":{"line":102,"column":52},"end":{"line":102,"column":52}},{"start":{"line":102,"column":52},"end":{"line":102,"column":52}}]},"7":{"line":103,"type":"if","locations":[{"start":{"line":103,"column":8},"end":{"line":103,"column":8}},{"start":{"line":103,"column":8},"end":{"line":103,"column":8}}]},"8":{"line":105,"type":"if","locations":[{"start":{"line":105,"column":8},"end":{"line":105,"column":8}},{"start":{"line":105,"column":8},"end":{"line":105,"column":8}}]},"9":{"line":120,"type":"if","locations":[{"start":{"line":120,"column":59},"end":{"line":120,"column":59}},{"start":{"line":120,"column":59},"end":{"line":120,"column":59}}]},"10":{"line":121,"type":"if","locations":[{"start":{"line":121,"column":8},"end":{"line":121,"column":8}},{"start":{"line":121,"column":8},"end":{"line":121,"column":8}}]},"11":{"line":131,"type":"if","locations":[{"start":{"line":131,"column":57},"end":{"line":131,"column":57}},{"start":{"line":131,"column":57},"end":{"line":131,"column":57}}]},"12":{"line":132,"type":"if","locations":[{"start":{"line":132,"column":8},"end":{"line":132,"column":8}},{"start":{"line":132,"column":8},"end":{"line":132,"column":8}}]},"13":{"line":133,"type":"if","locations":[{"start":{"line":133,"column":8},"end":{"line":133,"column":8}},{"start":{"line":133,"column":8},"end":{"line":133,"column":8}}]},"14":{"line":143,"type":"if","locations":[{"start":{"line":143,"column":30},"end":{"line":143,"column":30}},{"start":{"line":143,"column":30},"end":{"line":143,"column":30}}]},"15":{"line":148,"type":"if","locations":[{"start":{"line":148,"column":32},"end":{"line":148,"column":32}},{"start":{"line":148,"column":32},"end":{"line":148,"column":32}}]},"16":{"line":168,"type":"if","locations":[{"start":{"line":168,"column":15},"end":{"line":168,"column":15}},{"start":{"line":168,"column":15},"end":{"line":168,"column":15}}]},"17":{"line":168,"type":"if","locations":[{"start":{"line":168,"column":30},"end":{"line":168,"column":30}},{"start":{"line":168,"column":30},"end":{"line":168,"column":30}}]},"18":{"line":169,"type":"if","locations":[{"start":{"line":169,"column":8},"end":{"line":169,"column":8}},{"start":{"line":169,"column":8},"end":{"line":169,"column":8}}]},"19":{"line":170,"type":"if","locations":[{"start":{"line":170,"column":8},"end":{"line":170,"column":8}},{"start":{"line":170,"column":8},"end":{"line":170,"column":8}}]},"20":{"line":175,"type":"if","locations":[{"start":{"line":175,"column":40},"end":{"line":175,"column":46}},{"start":{"line":175,"column":50},"end":{"line":175,"column":55}}]},"21":{"line":177,"type":"if","locations":[{"start":{"line":177,"column":8},"end":{"line":177,"column":8}},{"start":{"line":177,"column":8},"end":{"line":177,"column":8}}]}}}}